[2022-06-14 14:39:53.937] ================= Logging =================
[2022-06-14 14:39:53.937] Connect server can.zlgcloud.com:443, can.zlgcloud.com:8143
[2022-06-14 14:39:53.937] 123456 login...
[2022-06-14 14:39:54.140] login_on_body: {"result":true,"message":"OK","data":{"username":"123456","mobile":"15522376856","role":0,"register_time":1560155219,"last_login_time":1653978923,"password_changed_time":1560155219,...
[2022-06-14 14:39:54.140] login token: eyJhbGciOiJIUzI1NiIsInR5cCI6IkpXVCJ9.eyJ1c2VyaWQiOiI1Y2ZlMTQ1MzYzZDQzYzAwMDYwMjE1N2IiLCJyb2xlIjowLCJ1c2VybmFtZSI6IjEyMzQ1NiIsIm1vYmlsZSI6IjE1NTIyMzc2ODU2IiwiZGV2X2V4dHJhIjp7ImRhdGFfZX...
[2022-06-14 14:39:54.140] login success.
[2022-06-14 14:39:54.140] Query devices ...
[2022-06-14 14:39:54.250] query_devices_on_body: {"result":true,"message":"OK","data":[{"devid":"B0039E2865DFD4A11B13","devtype":"candtu-200","owner":"123456","devclass":0,"status":1,"devprotocol":0,"data_extra":{"data_siz...
[2022-06-14 14:39:54.250] Device0: CANDTU-200UWGR candtu-200 CANDTU-200UWGR B0039E2865DFD4A11B13 offline.
[2022-06-14 14:39:54.390] mqtt connecting...
[2022-06-14 14:39:54.421] mqtt connect success.
[2022-06-14 14:39:54.421] Query devices ...
[2022-06-14 14:39:54.531] query_devices_on_body: {"result":true,"message":"OK","data":[{"devid":"B0039E2865DFD4A11B13","devtype":"candtu-200","owner":"123456","devclass":0,"status":1,"devprotocol":0,"data_extra":{"data_siz...
[2022-06-14 14:39:54.531] Device0: CANDTU-200UWGR candtu-200 CANDTU-200UWGR B0039E2865DFD4A11B13 offline.
[2022-06-14 14:39:56.062] Disconnect server ...
[2022-06-14 14:39:56.093] mqtt loop exit.
[2022-06-14 14:39:56.093] mqtt disconnecting...
[2022-06-14 14:39:56.093] mqtt disconnected.
[2022-06-14 14:39:56.093] 123456 logout...
[2022-06-14 14:39:56.187] logout_on_body: {"result":true,"message":"OK","jwt":"eyJhbGciOiJIUzI1NiIsInR5cCI6IkpXVCJ9.eyJpYXQiOjE2NTUxODg3OTUsImlzc3VlciI6Imh0dHBzOi8vd3d3LnpsZ2Nsb3VkLmNvbSIsImV4cCI6MTY1NjA1Mjc5NX0.sAUVR1TTGd...
[2022-06-14 14:40:41.546] Connect server can.zlgcloud.com:443, can.zlgcloud.com:8143
[2022-06-14 14:40:41.546] 15201297129 login...
[2022-06-14 14:40:41.750] login_on_body: {"result":true,"message":"OK","data":{"username":"gmq123q","password":"8e75c126f24a21016d2cee112693ee90100fd828a359502f6f3ebf9e0ee875f9","mobile":"15201297129","company":"涓伐闄呭...
[2022-06-14 14:40:41.765] login token: eyJhbGciOiJIUzI1NiIsInR5cCI6IkpXVCJ9.eyJ1c2VyaWQiOiI2MTRkMzYzYWUyMTVmNWE3NDdkNzVmZGQiLCJyb2xlIjowLCJ1c2VybmFtZSI6ImdtcTEyM3EiLCJtb2JpbGUiOiIxNTIwMTI5NzEyOSIsImRldl9leHRyYSI6eyJkYXRhX2...
[2022-06-14 14:40:41.765] login success.
[2022-06-14 14:40:41.765] Query devices ...
[2022-06-14 14:40:41.875] query_devices_on_body: {"result":true,"message":"OK","data":[{"devid":"3A0367ADE2D1D4511734","devtype":"candtu-200","owner":"gmq123q","devclass":0,"status":1,"devprotocol":0,"data_extra":{"data_si...
[2022-06-14 14:40:41.875] Device0: CANDTU-200UWGR candtu-200 CANDTU-200UWGR 3A0367ADE2D1D4511734 offline.
[2022-06-14 14:40:41.875] Device1: CANDTU-400-2Car candtu-400 CANDTU-400EWGR BBA10000B0B113FB812A online.
[2022-06-14 14:40:41.875] Device2: CANDTU-400-1Car candtu-400 CANDTU-400EWGR DFA10000B0B113F6A034 offline.
[2022-06-14 14:40:41.875] Device3: CANDTU-400-3Car candtu-400 CANDTU-400EWGR E1A10000B0B113F6F3E3 offline.
[2022-06-14 14:40:42.062] mqtt connecting...
[2022-06-14 14:40:42.078] mqtt connect success.
[2022-06-14 14:40:42.078] Query devices ...
[2022-06-14 14:40:42.187] query_devices_on_body: {"result":true,"message":"OK","data":[{"devid":"3A0367ADE2D1D4511734","devtype":"candtu-200","owner":"gmq123q","devclass":0,"status":1,"devprotocol":0,"data_extra":{"data_si...
[2022-06-14 14:40:42.187] Device0: CANDTU-200UWGR candtu-200 CANDTU-200UWGR 3A0367ADE2D1D4511734 offline.
[2022-06-14 14:40:42.187] Device1: CANDTU-400-2Car candtu-400 CANDTU-400EWGR BBA10000B0B113FB812A online.
[2022-06-14 14:40:42.187] Device2: CANDTU-400-1Car candtu-400 CANDTU-400EWGR DFA10000B0B113F6A034 offline.
[2022-06-14 14:40:42.187] Device3: CANDTU-400-3Car candtu-400 CANDTU-400EWGR E1A10000B0B113F6F3E3 offline.
[2022-06-14 14:40:47.968] Disconnect server ...
[2022-06-14 14:40:47.000] mqtt loop exit.
[2022-06-14 14:40:47.000] mqtt disconnecting...
[2022-06-14 14:40:47.000] mqtt disconnected.
[2022-06-14 14:40:47.000] gmq123q logout...
[2022-06-14 14:40:47.156] logout_on_body: {"result":true,"message":"OK","jwt":"eyJhbGciOiJIUzI1NiIsInR5cCI6IkpXVCJ9.eyJpYXQiOjE2NTUxODg4NDYsImlzc3VlciI6Imh0dHBzOi8vd3d3LnpsZ2Nsb3VkLmNvbSIsImV4cCI6MTY1NjA1Mjg0Nn0.2HiBmUx6Uq...
[2022-06-14 14:40:47.609] Connect server can.zlgcloud.com:443, can.zlgcloud.com:8143
[2022-06-14 14:40:47.609] 15201297129 login...
[2022-06-14 14:40:47.859] login_on_body: {"result":true,"message":"OK","data":{"username":"gmq123q","password":"8e75c126f24a21016d2cee112693ee90100fd828a359502f6f3ebf9e0ee875f9","mobile":"15201297129","company":"涓伐闄呭...
[2022-06-14 14:40:47.859] login token: eyJhbGciOiJIUzI1NiIsInR5cCI6IkpXVCJ9.eyJ1c2VyaWQiOiI2MTRkMzYzYWUyMTVmNWE3NDdkNzVmZGQiLCJyb2xlIjowLCJ1c2VybmFtZSI6ImdtcTEyM3EiLCJtb2JpbGUiOiIxNTIwMTI5NzEyOSIsImRldl9leHRyYSI6eyJkYXRhX2...
[2022-06-14 14:40:47.859] login success.
[2022-06-14 14:40:47.859] Query devices ...
[2022-06-14 14:40:48.000] query_devices_on_body: {"result":true,"message":"OK","data":[{"devid":"3A0367ADE2D1D4511734","devtype":"candtu-200","owner":"gmq123q","devclass":0,"status":1,"devprotocol":0,"data_extra":{"data_si...
[2022-06-14 14:40:48.000] Device0: CANDTU-200UWGR candtu-200 CANDTU-200UWGR 3A0367ADE2D1D4511734 offline.
[2022-06-14 14:40:48.000] Device1: CANDTU-400-2Car candtu-400 CANDTU-400EWGR BBA10000B0B113FB812A online.
[2022-06-14 14:40:48.000] Device2: CANDTU-400-1Car candtu-400 CANDTU-400EWGR DFA10000B0B113F6A034 offline.
[2022-06-14 14:40:48.000] Device3: CANDTU-400-3Car candtu-400 CANDTU-400EWGR E1A10000B0B113F6F3E3 offline.
[2022-06-14 14:40:48.187] mqtt connecting...
[2022-06-14 14:40:48.218] mqtt connect success.
[2022-06-14 14:40:48.218] Query devices ...
[2022-06-14 14:40:48.343] query_devices_on_body: {"result":true,"message":"OK","data":[{"devid":"3A0367ADE2D1D4511734","devtype":"candtu-200","owner":"gmq123q","devclass":0,"status":1,"devprotocol":0,"data_extra":{"data_si...
[2022-06-14 14:40:48.343] Device0: CANDTU-200UWGR candtu-200 CANDTU-200UWGR 3A0367ADE2D1D4511734 offline.
[2022-06-14 14:40:48.343] Device1: CANDTU-400-2Car candtu-400 CANDTU-400EWGR BBA10000B0B113FB812A online.
[2022-06-14 14:40:48.343] Device2: CANDTU-400-1Car candtu-400 CANDTU-400EWGR DFA10000B0B113F6A034 offline.
[2022-06-14 14:40:48.343] Device3: CANDTU-400-3Car candtu-400 CANDTU-400EWGR E1A10000B0B113F6F3E3 offline.
[2022-06-14 14:40:54.671] Disconnect server ...
[2022-06-14 14:40:54.671] mqtt loop exit.
[2022-06-14 14:40:54.671] mqtt disconnecting...
[2022-06-14 14:40:54.671] mqtt disconnected.
[2022-06-14 14:40:54.671] gmq123q logout...
[2022-06-14 14:40:54.781] logout_on_body: {"result":true,"message":"OK","jwt":"eyJhbGciOiJIUzI1NiIsInR5cCI6IkpXVCJ9.eyJpYXQiOjE2NTUxODg4NTQsImlzc3VlciI6Imh0dHBzOi8vd3d3LnpsZ2Nsb3VkLmNvbSIsImV4cCI6MTY1NjA1Mjg1NH0.Qgc_fBR1pm...
[2022-06-14 14:41:00.640] Connect server can.zlgcloud.com:443, can.zlgcloud.com:8143
[2022-06-14 14:41:00.640] gmq123q login...
[2022-06-14 14:41:00.859] login_on_body: {"result":true,"message":"OK","data":{"username":"gmq123q","mobile":"15201297129","company":"涓伐闄呭崕閲嶅伐锛堥潚宀涳級鏈夐檺鍏徃","role":0,"register_time":1632474638,"last_lo...
[2022-06-14 14:41:00.859] login token: eyJhbGciOiJIUzI1NiIsInR5cCI6IkpXVCJ9.eyJ1c2VyaWQiOiI2MTRkMzYzYWUyMTVmNWE3NDdkNzVmZGQiLCJyb2xlIjowLCJ1c2VybmFtZSI6ImdtcTEyM3EiLCJtb2JpbGUiOiIxNTIwMTI5NzEyOSIsImRldl9leHRyYSI6eyJkYXRhX2...
[2022-06-14 14:41:00.859] login success.
[2022-06-14 14:41:00.859] Query devices ...
[2022-06-14 14:41:01.968] query_devices_on_body: {"result":true,"message":"OK","data":[{"devid":"3A0367ADE2D1D4511734","devtype":"candtu-200","owner":"gmq123q","devclass":0,"status":1,"devprotocol":0,"data_extra":{"data_si...
[2022-06-14 14:41:01.968] Device0: CANDTU-200UWGR candtu-200 CANDTU-200UWGR 3A0367ADE2D1D4511734 offline.
[2022-06-14 14:41:01.968] Device1: CANDTU-400-2Car candtu-400 CANDTU-400EWGR BBA10000B0B113FB812A online.
[2022-06-14 14:41:01.968] Device2: CANDTU-400-1Car candtu-400 CANDTU-400EWGR DFA10000B0B113F6A034 offline.
[2022-06-14 14:41:01.968] Device3: CANDTU-400-3Car candtu-400 CANDTU-400EWGR E1A10000B0B113F6F3E3 offline.
[2022-06-14 14:41:01.140] mqtt connecting...
[2022-06-14 14:41:01.171] mqtt connect success.
[2022-06-14 14:41:01.171] Query devices ...
[2022-06-14 14:41:01.281] query_devices_on_body: {"result":true,"message":"OK","data":[{"devid":"3A0367ADE2D1D4511734","devtype":"candtu-200","owner":"gmq123q","devclass":0,"status":1,"devprotocol":0,"data_extra":{"data_si...
[2022-06-14 14:41:01.281] Device0: CANDTU-200UWGR candtu-200 CANDTU-200UWGR 3A0367ADE2D1D4511734 offline.
[2022-06-14 14:41:01.281] Device1: CANDTU-400-2Car candtu-400 CANDTU-400EWGR BBA10000B0B113FB812A online.
[2022-06-14 14:41:01.281] Device2: CANDTU-400-1Car candtu-400 CANDTU-400EWGR DFA10000B0B113F6A034 offline.
[2022-06-14 14:41:01.281] Device3: CANDTU-400-3Car candtu-400 CANDTU-400EWGR E1A10000B0B113F6F3E3 offline.
[2022-06-14 14:41:04.171] Disconnect server ...
[2022-06-14 14:41:04.203] mqtt loop exit.
[2022-06-14 14:41:04.203] mqtt disconnecting...
[2022-06-14 14:41:04.203] mqtt disconnected.
[2022-06-14 14:41:04.203] gmq123q logout...
[2022-06-14 14:41:04.312] logout_on_body: {"result":true,"message":"OK","jwt":"eyJhbGciOiJIUzI1NiIsInR5cCI6IkpXVCJ9.eyJpYXQiOjE2NTUxODg4NjMsImlzc3VlciI6Imh0dHBzOi8vd3d3LnpsZ2Nsb3VkLmNvbSIsImV4cCI6MTY1NjA1Mjg2M30.O_vTEResDE...
[2022-06-14 14:41:05.984] Connect server can.zlgcloud.com:443, can.zlgcloud.com:8143
[2022-06-14 14:41:05.984] gmq123q login...
[2022-06-14 14:41:05.203] login_on_body: {"result":true,"message":"OK","data":{"username":"gmq123q","mobile":"15201297129","company":"涓伐闄呭崕閲嶅伐锛堥潚宀涳級鏈夐檺鍏徃","role":0,"register_time":1632474638,"last_lo...
[2022-06-14 14:41:05.203] login token: eyJhbGciOiJIUzI1NiIsInR5cCI6IkpXVCJ9.eyJ1c2VyaWQiOiI2MTRkMzYzYWUyMTVmNWE3NDdkNzVmZGQiLCJyb2xlIjowLCJ1c2VybmFtZSI6ImdtcTEyM3EiLCJtb2JpbGUiOiIxNTIwMTI5NzEyOSIsImRldl9leHRyYSI6eyJkYXRhX2...
[2022-06-14 14:41:05.203] login success.
[2022-06-14 14:41:05.203] Query devices ...
[2022-06-14 14:41:05.312] query_devices_on_body: {"result":true,"message":"OK","data":[{"devid":"3A0367ADE2D1D4511734","devtype":"candtu-200","owner":"gmq123q","devclass":0,"status":1,"devprotocol":0,"data_extra":{"data_si...
[2022-06-14 14:41:05.312] Device0: CANDTU-200UWGR candtu-200 CANDTU-200UWGR 3A0367ADE2D1D4511734 offline.
[2022-06-14 14:41:05.328] Device1: CANDTU-400-2Car candtu-400 CANDTU-400EWGR BBA10000B0B113FB812A online.
[2022-06-14 14:41:05.328] Device2: CANDTU-400-1Car candtu-400 CANDTU-400EWGR DFA10000B0B113F6A034 offline.
[2022-06-14 14:41:05.328] Device3: CANDTU-400-3Car candtu-400 CANDTU-400EWGR E1A10000B0B113F6F3E3 offline.
[2022-06-14 14:41:05.500] mqtt connecting...
[2022-06-14 14:41:05.515] mqtt connect success.
[2022-06-14 14:41:05.515] Query devices ...
[2022-06-14 14:41:05.625] query_devices_on_body: {"result":true,"message":"OK","data":[{"devid":"3A0367ADE2D1D4511734","devtype":"candtu-200","owner":"gmq123q","devclass":0,"status":1,"devprotocol":0,"data_extra":{"data_si...
[2022-06-14 14:41:05.625] Device0: CANDTU-200UWGR candtu-200 CANDTU-200UWGR 3A0367ADE2D1D4511734 offline.
[2022-06-14 14:41:05.625] Device1: CANDTU-400-2Car candtu-400 CANDTU-400EWGR BBA10000B0B113FB812A online.
[2022-06-14 14:41:05.625] Device2: CANDTU-400-1Car candtu-400 CANDTU-400EWGR DFA10000B0B113F6A034 offline.
[2022-06-14 14:41:05.625] Device3: CANDTU-400-3Car candtu-400 CANDTU-400EWGR E1A10000B0B113F6F3E3 offline.
[2022-06-14 14:41:14.250] Disconnect server ...
[2022-06-14 14:41:14.265] mqtt loop exit.
[2022-06-14 14:41:14.265] mqtt disconnecting...
[2022-06-14 14:41:14.265] mqtt disconnected.
[2022-06-14 14:41:14.265] gmq123q logout...
[2022-06-14 14:41:14.375] logout_on_body: {"result":true,"message":"OK","jwt":"eyJhbGciOiJIUzI1NiIsInR5cCI6IkpXVCJ9.eyJpYXQiOjE2NTUxODg4NzMsImlzc3VlciI6Imh0dHBzOi8vd3d3LnpsZ2Nsb3VkLmNvbSIsImV4cCI6MTY1NjA1Mjg3M30.n6456l9X3c...
[2022-07-19 17:26:49.062] ================= Logging =================
[2022-07-19 17:26:49.062] Connect server can.zlgcloud.com:443, can.zlgcloud.com:8143
[2022-07-19 17:26:49.062] SANY_H login...
[2022-07-19 17:26:49.265] login_on_body: {"result":true,"message":"OK","data":{"username":"SANY_H","mobile":"13543065731","role":0,"register_time":1602665360,"last_login_time":1658222772,"password_changed_time":1620789543,...
[2022-07-19 17:26:49.265] login token: eyJhbGciOiJIUzI1NiIsInR5cCI6IkpXVCJ9.eyJ1c2VyaWQiOiI1Zjg2YmI5MDI2NGMxODNkM2E1NzVjODYiLCJyb2xlIjowLCJ1c2VybmFtZSI6IlNBTllfSCIsIm1vYmlsZSI6IjEzNTQzMDY1NzMxIiwiZGV2X2V4dHJhIjp7ImRhdGFfZX...
[2022-07-19 17:26:49.265] login success.
[2022-07-19 17:26:49.265] Query devices ...
[2022-07-19 17:26:49.406] query_devices_on_body: {"result":true,"message":"OK","data":[{"devid":"DE03D7B0DFD1D481311E","devtype":"candtu-200","owner":"SANY_H","devclass":0,"status":1,"devprotocol":0,"data_extra":{"data_siz...
[2022-07-19 17:26:49.406] Device0: CANDTU_Rizhao_28 candtu-200 CANDTU-200UWGR DE03D7B0DFD1D481311E offline.
[2022-07-19 17:26:49.406] Device1: CANDTU_XiangGang26 candtu-200 CANDTU-200UWGR AA03B98FE0D1D4B12504 offline.
[2022-07-19 17:26:49.406] Device2: CANDTU_Tegang candtu-200 CANDTU-200UWGR A603B98FE0D1D4B11F06 online.
[2022-07-19 17:26:49.406] Device3: CANDTU_liugang_77 candtu-200 CANDTU-200UWGR 9503B98FE0D1D4A10C18 online.
[2022-07-19 17:26:49.406] Device4: CANDTU_Xianggang45 candtu-200 CANDTU-200UWGR 340370D4E1D1D441071F offline.
[2022-07-19 17:26:49.406] Device5: CANDTU_liugang_51 candtu-200 CANDTU-200UWGR 0103768FE2D1D4491316 offline.
[2022-07-19 17:26:49.406] Device6: CANDTU_SRSC45E2 candtu-200 CANDTU-200UWGR 9B03B98FE0D1D4B11703 online.
[2022-07-19 17:26:49.406] Device7: CANDTU_SMHC45 candtu-200 CANDTU-200UWGR 2003768FE2D1D4493315 offline.
[2022-07-19 17:26:49.406] Device8: CANDTU_Rizhao_38 candtu-200 CANDTU-200UWGR 9603B98FE0D1D4990B22 online.
[2022-07-19 17:26:49.406] Device9: CANDTU_Yangjiang candtu-200 CANDTU-200UWGR B503B98FE0D1D4A12B19 online.
[2022-07-19 17:26:49.625] mqtt connecting...
[2022-07-19 17:26:49.640] mqtt connect success.
[2022-07-19 17:26:49.640] Query devices ...
[2022-07-19 17:26:49.781] query_devices_on_body: {"result":true,"message":"OK","data":[{"devid":"DE03D7B0DFD1D481311E","devtype":"candtu-200","owner":"SANY_H","devclass":0,"status":1,"devprotocol":0,"data_extra":{"data_siz...
[2022-07-19 17:26:49.781] Device0: CANDTU_Rizhao_28 candtu-200 CANDTU-200UWGR DE03D7B0DFD1D481311E offline.
[2022-07-19 17:26:49.781] Device1: CANDTU_XiangGang26 candtu-200 CANDTU-200UWGR AA03B98FE0D1D4B12504 offline.
[2022-07-19 17:26:49.781] Device2: CANDTU_Tegang candtu-200 CANDTU-200UWGR A603B98FE0D1D4B11F06 online.
[2022-07-19 17:26:49.781] Device3: CANDTU_liugang_77 candtu-200 CANDTU-200UWGR 9503B98FE0D1D4A10C18 online.
[2022-07-19 17:26:49.781] Device4: CANDTU_Xianggang45 candtu-200 CANDTU-200UWGR 340370D4E1D1D441071F offline.
[2022-07-19 17:26:49.781] Device5: CANDTU_liugang_51 candtu-200 CANDTU-200UWGR 0103768FE2D1D4491316 offline.
[2022-07-19 17:26:49.781] Device6: CANDTU_SRSC45E2 candtu-200 CANDTU-200UWGR 9B03B98FE0D1D4B11703 online.
[2022-07-19 17:26:49.781] Device7: CANDTU_SMHC45 candtu-200 CANDTU-200UWGR 2003768FE2D1D4493315 offline.
[2022-07-19 17:26:49.781] Device8: CANDTU_Rizhao_38 candtu-200 CANDTU-200UWGR 9603B98FE0D1D4990B22 online.
[2022-07-19 17:26:49.781] Device9: CANDTU_Yangjiang candtu-200 CANDTU-200UWGR B503B98FE0D1D4A12B19 online.
[2022-07-19 17:53:01.859] ================= Logging =================
[2022-07-19 17:53:01.859] Connect server can.zlgcloud.com:443, can.zlgcloud.com:8143
[2022-07-19 17:53:01.859] 123456 login...
[2022-07-19 17:53:01.093] login_on_body: {"result":true,"message":"OK","data":{"username":"123456","mobile":"15522376856","role":0,"register_time":1560155219,"last_login_time":1658222665,"password_changed_time":1560155219,...
[2022-07-19 17:53:01.093] login token: eyJhbGciOiJIUzI1NiIsInR5cCI6IkpXVCJ9.eyJ1c2VyaWQiOiI1Y2ZlMTQ1MzYzZDQzYzAwMDYwMjE1N2IiLCJyb2xlIjowLCJ1c2VybmFtZSI6IjEyMzQ1NiIsIm1vYmlsZSI6IjE1NTIyMzc2ODU2IiwiZGV2X2V4dHJhIjp7ImRhdGFfZX...
[2022-07-19 17:53:01.093] login success.
[2022-07-19 17:53:01.093] Query devices ...
[2022-07-19 17:53:01.203] query_devices_on_body: {"result":true,"message":"OK","data":[{"devid":"B0039E2865DFD4A11B13","devtype":"candtu-200","owner":"123456","devclass":0,"status":1,"devprotocol":0,"data_extra":{"data_siz...
[2022-07-19 17:53:01.203] Device0: CANDTU-200UWGR candtu-200 CANDTU-200UWGR B0039E2865DFD4A11B13 offline.
[2022-07-19 17:53:01.375] mqtt connecting...
[2022-07-19 17:53:01.437] mqtt connect success.
[2022-07-19 17:53:01.437] Query devices ...
[2022-07-19 17:53:01.546] query_devices_on_body: {"result":true,"message":"OK","data":[{"devid":"B0039E2865DFD4A11B13","devtype":"candtu-200","owner":"123456","devclass":0,"status":1,"devprotocol":0,"data_extra":{"data_siz...
[2022-07-19 17:53:01.546] Device0: CANDTU-200UWGR candtu-200 CANDTU-200UWGR B0039E2865DFD4A11B13 offline.
[2022-07-19 17:54:22.703] Disconnect server ...
[2022-07-19 17:54:22.734] mqtt loop exit.
[2022-07-19 17:54:22.734] mqtt disconnecting...
[2022-07-19 17:54:22.734] mqtt disconnected.
[2022-07-19 17:54:22.734] 123456 logout...
[2022-07-19 17:54:23.875] logout_on_body: {"result":true,"message":"OK","jwt":"eyJhbGciOiJIUzI1NiIsInR5cCI6IkpXVCJ9.eyJpYXQiOjE2NTgyMjQ0NjIsImlzc3VlciI6Imh0dHBzOi8vd3d3LnpsZ2Nsb3VkLmNvbSIsImV4cCI6MTY1OTA4ODQ2Mn0.ctXQVwu6rf...
[2022-07-19 17:54:34.656] Connect server can.zlgcloud.com:443, can.zlgcloud.com:8143
[2022-07-19 17:54:34.656] SANY_H login...
[2022-07-19 17:54:35.812] login_on_body: {"result":true,"message":"OK","data":{"username":"SANY_H","mobile":"13543065731","role":0,"register_time":1602665360,"last_login_time":1658223233,"password_changed_time":1620789543,...
[2022-07-19 17:54:35.812] login token: eyJhbGciOiJIUzI1NiIsInR5cCI6IkpXVCJ9.eyJ1c2VyaWQiOiI1Zjg2YmI5MDI2NGMxODNkM2E1NzVjODYiLCJyb2xlIjowLCJ1c2VybmFtZSI6IlNBTllfSCIsIm1vYmlsZSI6IjEzNTQzMDY1NzMxIiwiZGV2X2V4dHJhIjp7ImRhdGFfZX...
[2022-07-19 17:54:35.828] login success.
[2022-07-19 17:54:35.828] Query devices ...
[2022-07-19 17:54:35.937] query_devices_on_body: {"result":true,"message":"OK","data":[{"devid":"DE03D7B0DFD1D481311E","devtype":"candtu-200","owner":"SANY_H","devclass":0,"status":1,"devprotocol":0,"data_extra":{"data_siz...
[2022-07-19 17:54:35.937] Device0: CANDTU_Rizhao_28 candtu-200 CANDTU-200UWGR DE03D7B0DFD1D481311E offline.
[2022-07-19 17:54:35.937] Device1: CANDTU_XiangGang26 candtu-200 CANDTU-200UWGR AA03B98FE0D1D4B12504 offline.
[2022-07-19 17:54:35.937] Device2: CANDTU_Tegang candtu-200 CANDTU-200UWGR A603B98FE0D1D4B11F06 online.
[2022-07-19 17:54:35.937] Device3: CANDTU_liugang_77 candtu-200 CANDTU-200UWGR 9503B98FE0D1D4A10C18 online.
[2022-07-19 17:54:35.937] Device4: CANDTU_Xianggang45 candtu-200 CANDTU-200UWGR 340370D4E1D1D441071F offline.
[2022-07-19 17:54:35.937] Device5: CANDTU_liugang_51 candtu-200 CANDTU-200UWGR 0103768FE2D1D4491316 offline.
[2022-07-19 17:54:35.937] Device6: CANDTU_SRSC45E2 candtu-200 CANDTU-200UWGR 9B03B98FE0D1D4B11703 online.
[2022-07-19 17:54:35.937] Device7: CANDTU_SMHC45 candtu-200 CANDTU-200UWGR 2003768FE2D1D4493315 offline.
[2022-07-19 17:54:35.937] Device8: CANDTU_Rizhao_38 candtu-200 CANDTU-200UWGR 9603B98FE0D1D4990B22 online.
[2022-07-19 17:54:35.937] Device9: CANDTU_Yangjiang candtu-200 CANDTU-200UWGR B503B98FE0D1D4A12B19 online.
[2022-07-19 17:54:35.125] mqtt connecting...
[2022-07-19 17:54:35.156] mqtt connect success.
[2022-07-19 17:54:35.156] Query devices ...
[2022-07-19 17:54:35.281] query_devices_on_body: {"result":true,"message":"OK","data":[{"devid":"DE03D7B0DFD1D481311E","devtype":"candtu-200","owner":"SANY_H","devclass":0,"status":1,"devprotocol":0,"data_extra":{"data_siz...
[2022-07-19 17:54:35.281] Device0: CANDTU_Rizhao_28 candtu-200 CANDTU-200UWGR DE03D7B0DFD1D481311E offline.
[2022-07-19 17:54:35.281] Device1: CANDTU_XiangGang26 candtu-200 CANDTU-200UWGR AA03B98FE0D1D4B12504 offline.
[2022-07-19 17:54:35.281] Device2: CANDTU_Tegang candtu-200 CANDTU-200UWGR A603B98FE0D1D4B11F06 online.
[2022-07-19 17:54:35.281] Device3: CANDTU_liugang_77 candtu-200 CANDTU-200UWGR 9503B98FE0D1D4A10C18 online.
[2022-07-19 17:54:35.281] Device4: CANDTU_Xianggang45 candtu-200 CANDTU-200UWGR 340370D4E1D1D441071F offline.
[2022-07-19 17:54:35.281] Device5: CANDTU_liugang_51 candtu-200 CANDTU-200UWGR 0103768FE2D1D4491316 offline.
[2022-07-19 17:54:35.281] Device6: CANDTU_SRSC45E2 candtu-200 CANDTU-200UWGR 9B03B98FE0D1D4B11703 online.
[2022-07-19 17:54:35.281] Device7: CANDTU_SMHC45 candtu-200 CANDTU-200UWGR 2003768FE2D1D4493315 offline.
[2022-07-19 17:54:35.281] Device8: CANDTU_Rizhao_38 candtu-200 CANDTU-200UWGR 9603B98FE0D1D4990B22 online.
[2022-07-19 17:54:35.281] Device9: CANDTU_Yangjiang candtu-200 CANDTU-200UWGR B503B98FE0D1D4A12B19 online.
[2022-07-19 17:54:49.859] subscribe topic: /d2s/SANY_H/candtu-200/DE03D7B0DFD1D481311E/online
[2022-07-19 17:54:49.859] subscribe topic: /d2s/SANY_H/candtu-200/DE03D7B0DFD1D481311E/offline
[2022-07-19 17:54:49.875] subscribe topic: /d2s/SANY_H/candtu-200/DE03D7B0DFD1D481311E/status
[2022-07-19 17:54:49.890] subscribe topic: /d2s/SANY_H/candtu-200/DE03D7B0DFD1D481311E/data
[2022-07-19 17:54:49.906] subscribe topic: /d2s/SANY_H/candtu-200/DE03D7B0DFD1D481311E/raw
[2022-07-19 17:54:49.906] subscribe topic: /d2s/SANY_H/candtu-200/DE03D7B0DFD1D481311E/warning
[2022-07-19 17:54:49.921] subscribe topic: /d2s/SANY_H/candtu-200/DE03D7B0DFD1D481311E/error
[2022-07-19 17:54:53.484] unsubscribe topic: /d2s/SANY_H/candtu-200/DE03D7B0DFD1D481311E/online
[2022-07-19 17:54:53.500] unsubscribe topic: /d2s/SANY_H/candtu-200/DE03D7B0DFD1D481311E/offline
[2022-07-19 17:54:53.500] unsubscribe topic: /d2s/SANY_H/candtu-200/DE03D7B0DFD1D481311E/status
[2022-07-19 17:54:53.515] unsubscribe topic: /d2s/SANY_H/candtu-200/DE03D7B0DFD1D481311E/data
[2022-07-19 17:54:53.531] unsubscribe topic: /d2s/SANY_H/candtu-200/DE03D7B0DFD1D481311E/raw
[2022-07-19 17:54:53.531] unsubscribe topic: /d2s/SANY_H/candtu-200/DE03D7B0DFD1D481311E/warning
[2022-07-19 17:54:53.546] unsubscribe topic: /d2s/SANY_H/candtu-200/DE03D7B0DFD1D481311E/error
[2022-07-19 17:55:06.656] Disconnect server ...
[2022-07-19 17:55:06.671] mqtt loop exit.
[2022-07-19 17:55:06.671] mqtt disconnecting...
[2022-07-19 17:55:06.671] mqtt disconnected.
[2022-07-19 17:55:06.671] SANY_H logout...
[2022-07-19 17:55:06.765] logout_on_body: {"result":true,"message":"OK","jwt":"eyJhbGciOiJIUzI1NiIsInR5cCI6IkpXVCJ9.eyJpYXQiOjE2NTgyMjQ1MDYsImlzc3VlciI6Imh0dHBzOi8vd3d3LnpsZ2Nsb3VkLmNvbSIsImV4cCI6MTY1OTA4ODUwNn0.OAVWaICAlo...
[2022-07-19 17:55:06.765] Connect server can.zlgcloud.com:443, can.zlgcloud.com:8143
[2022-07-19 17:55:06.765] SANY_H login...
[2022-07-19 17:55:07.968] login_on_body: {"result":true,"message":"OK","data":{"username":"SANY_H","mobile":"13543065731","role":0,"register_time":1602665360,"last_login_time":1658224474,"password_changed_time":1620789543,...
[2022-07-19 17:55:07.968] login token: eyJhbGciOiJIUzI1NiIsInR5cCI6IkpXVCJ9.eyJ1c2VyaWQiOiI1Zjg2YmI5MDI2NGMxODNkM2E1NzVjODYiLCJyb2xlIjowLCJ1c2VybmFtZSI6IlNBTllfSCIsIm1vYmlsZSI6IjEzNTQzMDY1NzMxIiwiZGV2X2V4dHJhIjp7ImRhdGFfZX...
[2022-07-19 17:55:07.968] login success.
[2022-07-19 17:55:07.968] Query devices ...
[2022-07-19 17:55:07.093] query_devices_on_body: {"result":true,"message":"OK","data":[{"devid":"DE03D7B0DFD1D481311E","devtype":"candtu-200","owner":"SANY_H","devclass":0,"status":1,"devprotocol":0,"data_extra":{"data_siz...
[2022-07-19 17:55:07.093] Device0: CANDTU_Rizhao_28 candtu-200 CANDTU-200UWGR DE03D7B0DFD1D481311E offline.
[2022-07-19 17:55:07.093] Device1: CANDTU_XiangGang26 candtu-200 CANDTU-200UWGR AA03B98FE0D1D4B12504 offline.
[2022-07-19 17:55:07.093] Device2: CANDTU_Tegang candtu-200 CANDTU-200UWGR A603B98FE0D1D4B11F06 online.
[2022-07-19 17:55:07.093] Device3: CANDTU_liugang_77 candtu-200 CANDTU-200UWGR 9503B98FE0D1D4A10C18 online.
[2022-07-19 17:55:07.093] Device4: CANDTU_Xianggang45 candtu-200 CANDTU-200UWGR 340370D4E1D1D441071F offline.
[2022-07-19 17:55:07.093] Device5: CANDTU_liugang_51 candtu-200 CANDTU-200UWGR 0103768FE2D1D4491316 offline.
[2022-07-19 17:55:07.093] Device6: CANDTU_SRSC45E2 candtu-200 CANDTU-200UWGR 9B03B98FE0D1D4B11703 online.
[2022-07-19 17:55:07.093] Device7: CANDTU_SMHC45 candtu-200 CANDTU-200UWGR 2003768FE2D1D4493315 offline.
[2022-07-19 17:55:07.093] Device8: CANDTU_Rizhao_38 candtu-200 CANDTU-200UWGR 9603B98FE0D1D4990B22 online.
[2022-07-19 17:55:07.093] Device9: CANDTU_Yangjiang candtu-200 CANDTU-200UWGR B503B98FE0D1D4A12B19 online.
[2022-07-19 17:55:07.296] mqtt connecting...
[2022-07-19 17:55:07.312] mqtt connect success.
[2022-07-19 17:55:07.312] Query devices ...
[2022-07-19 17:55:07.453] query_devices_on_body: {"result":true,"message":"OK","data":[{"devid":"DE03D7B0DFD1D481311E","devtype":"candtu-200","owner":"SANY_H","devclass":0,"status":1,"devprotocol":0,"data_extra":{"data_siz...
[2022-07-19 17:55:07.453] Device0: CANDTU_Rizhao_28 candtu-200 CANDTU-200UWGR DE03D7B0DFD1D481311E offline.
[2022-07-19 17:55:07.453] Device1: CANDTU_XiangGang26 candtu-200 CANDTU-200UWGR AA03B98FE0D1D4B12504 offline.
[2022-07-19 17:55:07.453] Device2: CANDTU_Tegang candtu-200 CANDTU-200UWGR A603B98FE0D1D4B11F06 online.
[2022-07-19 17:55:07.453] Device3: CANDTU_liugang_77 candtu-200 CANDTU-200UWGR 9503B98FE0D1D4A10C18 online.
[2022-07-19 17:55:07.453] Device4: CANDTU_Xianggang45 candtu-200 CANDTU-200UWGR 340370D4E1D1D441071F offline.
[2022-07-19 17:55:07.453] Device5: CANDTU_liugang_51 candtu-200 CANDTU-200UWGR 0103768FE2D1D4491316 offline.
[2022-07-19 17:55:07.453] Device6: CANDTU_SRSC45E2 candtu-200 CANDTU-200UWGR 9B03B98FE0D1D4B11703 online.
[2022-07-19 17:55:07.453] Device7: CANDTU_SMHC45 candtu-200 CANDTU-200UWGR 2003768FE2D1D4493315 offline.
[2022-07-19 17:55:07.453] Device8: CANDTU_Rizhao_38 candtu-200 CANDTU-200UWGR 9603B98FE0D1D4990B22 online.
[2022-07-19 17:55:07.453] Device9: CANDTU_Yangjiang candtu-200 CANDTU-200UWGR B503B98FE0D1D4A12B19 online.
[2022-07-19 17:55:20.718] subscribe topic: /d2s/SANY_H/candtu-200/DE03D7B0DFD1D481311E/online
[2022-07-19 17:55:20.734] subscribe topic: /d2s/SANY_H/candtu-200/DE03D7B0DFD1D481311E/offline
[2022-07-19 17:55:20.734] subscribe topic: /d2s/SANY_H/candtu-200/DE03D7B0DFD1D481311E/status
[2022-07-19 17:55:20.750] subscribe topic: /d2s/SANY_H/candtu-200/DE03D7B0DFD1D481311E/data
[2022-07-19 17:55:20.765] subscribe topic: /d2s/SANY_H/candtu-200/DE03D7B0DFD1D481311E/raw
[2022-07-19 17:55:20.765] subscribe topic: /d2s/SANY_H/candtu-200/DE03D7B0DFD1D481311E/warning
[2022-07-19 17:55:20.781] subscribe topic: /d2s/SANY_H/candtu-200/DE03D7B0DFD1D481311E/error
[2022-07-19 17:55:23.125] unsubscribe topic: /d2s/SANY_H/candtu-200/DE03D7B0DFD1D481311E/online
[2022-07-19 17:55:23.140] unsubscribe topic: /d2s/SANY_H/candtu-200/DE03D7B0DFD1D481311E/offline
[2022-07-19 17:55:23.156] unsubscribe topic: /d2s/SANY_H/candtu-200/DE03D7B0DFD1D481311E/status
[2022-07-19 17:55:23.156] unsubscribe topic: /d2s/SANY_H/candtu-200/DE03D7B0DFD1D481311E/data
[2022-07-19 17:55:23.171] unsubscribe topic: /d2s/SANY_H/candtu-200/DE03D7B0DFD1D481311E/raw
[2022-07-19 17:55:23.187] unsubscribe topic: /d2s/SANY_H/candtu-200/DE03D7B0DFD1D481311E/warning
[2022-07-19 17:55:23.187] unsubscribe topic: /d2s/SANY_H/candtu-200/DE03D7B0DFD1D481311E/error
[2022-07-19 17:55:23.187] Disconnect server ...
[2022-07-19 17:55:23.218] mqtt loop exit.
[2022-07-19 17:55:23.218] mqtt disconnecting...
[2022-07-19 17:55:23.218] mqtt disconnected.
[2022-07-19 17:55:23.218] SANY_H logout...
[2022-07-19 17:55:23.312] logout_on_body: {"result":true,"message":"OK","jwt":"eyJhbGciOiJIUzI1NiIsInR5cCI6IkpXVCJ9.eyJpYXQiOjE2NTgyMjQ1MjIsImlzc3VlciI6Imh0dHBzOi8vd3d3LnpsZ2Nsb3VkLmNvbSIsImV4cCI6MTY1OTA4ODUyMn0.ftBCuOSSpJ...
